This is pdfTeX, Version 3.1415926-2.5-1.40.14 (MiKTeX 2.9 64-bit) (preloaded format=pdflatex 2015.8.5)  11 AUG 2015 12:58
entering extended mode
**C:/Users/tcho/Documents/GitHub/TAQ/tex/taq.tex
(C:/Users/tcho/Documents/GitHub/TAQ/tex/taq.tex
LaTeX2e <2011/06/27>
Babel <v3.8m> and hyphenation patterns for english, afrikaans, ancientgreek, ar
abic, armenian, assamese, basque, bengali, bokmal, bulgarian, catalan, coptic, 
croatian, czech, danish, dutch, esperanto, estonian, farsi, finnish, french, ga
lician, german, german-x-2013-05-26, greek, gujarati, hindi, hungarian, iceland
ic, indonesian, interlingua, irish, italian, kannada, kurmanji, latin, latvian,
 lithuanian, malayalam, marathi, mongolian, mongolianlmc, monogreek, ngerman, n
german-x-2013-05-26, nynorsk, oriya, panjabi, pinyin, polish, portuguese, roman
ian, russian, sanskrit, serbian, slovak, slovenian, spanish, swedish, swissgerm
an, tamil, telugu, turkish, turkmen, ukenglish, ukrainian, uppersorbian, usengl
ishmax, welsh, loaded.
("C:\Program Files\MiKTeX 2.9\tex\latex\base\article.cls"
Document Class: article 2007/10/19 v1.4h Standard LaTeX document class
("C:\Program Files\MiKTeX 2.9\tex\latex\base\size10.clo"
File: size10.clo 2007/10/19 v1.4h Standard LaTeX file (size option)
)
\c@part=\count79
\c@section=\count80
\c@subsection=\count81
\c@subsubsection=\count82
\c@paragraph=\count83
\c@subparagraph=\count84
\c@figure=\count85
\c@table=\count86
\abovecaptionskip=\skip41
\belowcaptionskip=\skip42
\bibindent=\dimen102
)
("C:\Program Files\MiKTeX 2.9\tex\latex\graphics\graphicx.sty"
Package: graphicx 1999/02/16 v1.0f Enhanced LaTeX Graphics (DPC,SPQR)

("C:\Program Files\MiKTeX 2.9\tex\latex\graphics\keyval.sty"
Package: keyval 1999/03/16 v1.13 key=value parser (DPC)
\KV@toks@=\toks14
)
("C:\Program Files\MiKTeX 2.9\tex\latex\graphics\graphics.sty"
Package: graphics 2009/02/05 v1.0o Standard LaTeX Graphics (DPC,SPQR)

("C:\Program Files\MiKTeX 2.9\tex\latex\graphics\trig.sty"
Package: trig 1999/03/16 v1.09 sin cos tan (DPC)
)
("C:\Program Files\MiKTeX 2.9\tex\latex\00miktex\graphics.cfg"
File: graphics.cfg 2007/01/18 v1.5 graphics configuration of teTeX/TeXLive
)
Package graphics Info: Driver file: pdftex.def on input line 91.

("C:\Program Files\MiKTeX 2.9\tex\latex\pdftex-def\pdftex.def"
File: pdftex.def 2011/05/27 v0.06d Graphics/color for pdfTeX

("C:\Program Files\MiKTeX 2.9\tex\generic\oberdiek\infwarerr.sty"
Package: infwarerr 2010/04/08 v1.3 Providing info/warning/error messages (HO)
)
("C:\Program Files\MiKTeX 2.9\tex\generic\oberdiek\ltxcmds.sty"
Package: ltxcmds 2011/11/09 v1.22 LaTeX kernel commands for general use (HO)
)
\Gread@gobject=\count87
))
\Gin@req@height=\dimen103
\Gin@req@width=\dimen104
)
("C:\Program Files\MiKTeX 2.9\tex\latex\float\float.sty"
Package: float 2001/11/08 v1.3d Float enhancements (AL)
\c@float@type=\count88
\float@exts=\toks15
\float@box=\box26
\@float@everytoks=\toks16
\@floatcapt=\box27
)
(C:\Users\tcho\Documents\GitHub\TAQ\tex\taq.aux)
LaTeX Font Info:    Checking defaults for OML/cmm/m/it on input line 4.
LaTeX Font Info:    ... okay on input line 4.
LaTeX Font Info:    Checking defaults for T1/cmr/m/n on input line 4.
LaTeX Font Info:    ... okay on input line 4.
LaTeX Font Info:    Checking defaults for OT1/cmr/m/n on input line 4.
LaTeX Font Info:    ... okay on input line 4.
LaTeX Font Info:    Checking defaults for OMS/cmsy/m/n on input line 4.
LaTeX Font Info:    ... okay on input line 4.
LaTeX Font Info:    Checking defaults for OMX/cmex/m/n on input line 4.
LaTeX Font Info:    ... okay on input line 4.
LaTeX Font Info:    Checking defaults for U/cmr/m/n on input line 4.
LaTeX Font Info:    ... okay on input line 4.

("C:\Program Files\MiKTeX 2.9\tex\context\base\supp-pdf.mkii"
[Loading MPS to PDF converter (version 2006.09.02).]
\scratchcounter=\count89
\scratchdimen=\dimen105
\scratchbox=\box28
\nofMPsegments=\count90
\nofMParguments=\count91
\everyMPshowfont=\toks17
\MPscratchCnt=\count92
\MPscratchDim=\dimen106
\MPnumerator=\count93
\makeMPintoPDFobject=\count94
\everyMPtoPDFconversion=\toks18
)
LaTeX Font Info:    External font `cmex10' loaded for size
(Font)              <12> on input line 8.
LaTeX Font Info:    External font `cmex10' loaded for size
(Font)              <8> on input line 8.
LaTeX Font Info:    External font `cmex10' loaded for size
(Font)              <6> on input line 8.
LaTeX Font Info:    External font `cmex10' loaded for size
(Font)              <7> on input line 12.
LaTeX Font Info:    External font `cmex10' loaded for size
(Font)              <5> on input line 12.

Underfull \hbox (badness 10000) in paragraph at lines 12--13

 []


Underfull \hbox (badness 10000) in paragraph at lines 14--15

 []


<./../output/exchangeShares/macroShareHome.png, id=1, 708.14563pt x 374.39874pt
>
File: ./../output/exchangeShares/macroShareHome.png Graphic file (type png)
 <use ./../output/exchangeShares/macroShareHome.png>
Package pdftex.def Info: ./../output/exchangeShares/macroShareHome.png used on 
input line 19.
(pdftex.def)             Requested size: 284.52756pt x 150.43095pt.
LaTeX Font Info:    Try loading font information for OMS+cmr on input line 20.

("C:\Program Files\MiKTeX 2.9\tex\latex\base\omscmr.fd"
File: omscmr.fd 1999/05/25 v2.5h Standard LaTeX font definitions
)
LaTeX Font Info:    Font shape `OMS/cmr/m/n' in size <10> not available
(Font)              Font shape `OMS/cmsy/m/n' tried instead on input line 20.
 [1

{C:/ProgramData/MiKTeX/2.9/pdftex/config/pdftex.map}]
Underfull \hbox (badness 10000) in paragraph at lines 25--26

 []

<./../output/exchangeShares/linemsft.png, id=13, 660.96938pt x 450.18187pt>
File: ./../output/exchangeShares/linemsft.png Graphic file (type png)

<use ./../output/exchangeShares/linemsft.png>
Package pdftex.def Info: ./../output/exchangeShares/linemsft.png used on input 
line 30.
(pdftex.def)             Requested size: 142.26378pt x 96.89024pt.

<./../output/exchangeShares/linebrka.png, id=14, 659.46375pt x 449.17813pt>
File: ./../output/exchangeShares/linebrka.png Graphic file (type png)

<use ./../output/exchangeShares/linebrka.png>
Package pdftex.def Info: ./../output/exchangeShares/linebrka.png used on input 
line 31.
(pdftex.def)             Requested size: 142.26378pt x 96.90039pt.

<./../output/exchangeShares/stackedAreaMSFT.png, id=15, 656.95438pt x 449.17813
pt>
File: ./../output/exchangeShares/stackedAreaMSFT.png Graphic file (type png)
 <use ./../output/exchangeShares/stackedAreaMSFT.png>
Package pdftex.def Info: ./../output/exchangeShares/stackedAreaMSFT.png used on
 input line 32.
(pdftex.def)             Requested size: 142.26378pt x 97.27051pt.

<./../output/exchangeShares/stackedAreaBRKA.png, id=16, 660.96938pt x 452.18938
pt>
File: ./../output/exchangeShares/stackedAreaBRKA.png Graphic file (type png)
 <use ./../output/exchangeShares/stackedAreaBRKA.png>
Package pdftex.def Info: ./../output/exchangeShares/stackedAreaBRKA.png used on
 input line 33.
(pdftex.def)             Requested size: 142.26378pt x 97.32231pt.

Underfull \hbox (badness 10000) in paragraph at lines 26--35

 []


<./../output/exchangeShares/linebats.byx.png, id=17, 660.4675pt x 448.17438pt>
File: ./../output/exchangeShares/linebats.byx.png Graphic file (type png)

<use ./../output/exchangeShares/linebats.byx.png>
Package pdftex.def Info: ./../output/exchangeShares/linebats.byx.png used on in
put line 38.
(pdftex.def)             Requested size: 142.26378pt x 96.53342pt.

<./../output/exchangeShares/linebats.bzx.png, id=18, 658.96187pt x 449.17813pt>
File: ./../output/exchangeShares/linebats.bzx.png Graphic file (type png)
<use ./../output/exchangeShares/linebats.bzx.png>
Package pdftex.def Info: ./../output/exchangeShares/linebats.bzx.png used on in
put line 39.
(pdftex.def)             Requested size: 142.26378pt x 96.96893pt.

<./../output/exchangeShares/linenasdaq.png, id=19, 660.4675pt x 446.16687pt>
File: ./../output/exchangeShares/linenasdaq.png Graphic file (type png)

<use ./../output/exchangeShares/linenasdaq.png>
Package pdftex.def Info: ./../output/exchangeShares/linenasdaq.png used on inpu
t line 40.
(pdftex.def)             Requested size: 142.26378pt x 96.10101pt.

<./../output/exchangeShares/linensx.png, id=20, 659.96562pt x 447.6725pt>
File: ./../output/exchangeShares/linensx.png Graphic file (type png)

<use ./../output/exchangeShares/linensx.png>
Package pdftex.def Info: ./../output/exchangeShares/linensx.png used on input l
ine 41.
(pdftex.def)             Requested size: 142.26378pt x 96.50044pt.
 [2 <C:/Users/tcho/Documents/GitHub/TAQ/output/exchangeShares/macroShareHome.pn
g>]
Underfull \hbox (badness 10000) in paragraph at lines 46--47

 []

[3 <C:/Users/tcho/Documents/GitHub/TAQ/output/exchangeShares/linemsft.png> <C:/
Users/tcho/Documents/GitHub/TAQ/output/exchangeShares/linebrka.png> <C:/Users/t
cho/Documents/GitHub/TAQ/output/exchangeShares/stackedAreaMSFT.png> <C:/Users/t
cho/Documents/GitHub/TAQ/output/exchangeShares/stackedAreaBRKA.png> <C:/Users/t
cho/Documents/GitHub/TAQ/output/exchangeShares/linebats.byx.png> <C:/Users/tcho
/Documents/GitHub/TAQ/output/exchangeShares/linebats.bzx.png> <C:/Users/tcho/Do
cuments/GitHub/TAQ/output/exchangeShares/linenasdaq.png> <C:/Users/tcho/Documen
ts/GitHub/TAQ/output/exchangeShares/linensx.png>]
Underfull \hbox (badness 10000) in paragraph at lines 48--49

 []


Underfull \hbox (badness 10000) in paragraph at lines 52--53

 []


Underfull \hbox (badness 10000) in paragraph at lines 55--56

 []


Underfull \hbox (badness 10000) in paragraph at lines 58--60

 []


Underfull \hbox (badness 10000) in paragraph at lines 62--63

 []


Underfull \hbox (badness 10000) in paragraph at lines 65--66

 []

[4]
Underfull \hbox (badness 10000) in paragraph at lines 68--69

 []


Underfull \hbox (badness 10000) in paragraph at lines 71--72

 []


Underfull \hbox (badness 10000) in paragraph at lines 77--78

 []


Underfull \hbox (badness 10000) in paragraph at lines 85--86

 []

[5]
Underfull \hbox (badness 10000) in paragraph at lines 88--89

 []


Underfull \hbox (badness 10000) in paragraph at lines 90--91

 []


<./../output/correlation/AMD/30ClockNaN/acfBATS.EDGX.png, id=39, 481.8pt x 481.
8pt>
File: ./../output/correlation/AMD/30ClockNaN/acfBATS.EDGX.png Graphic file (typ
e png)
 <use ./../output/correlation/AMD/30ClockNaN/acfBATS.EDGX.png>
Package pdftex.def Info: ./../output/correlation/AMD/30ClockNaN/acfBATS.EDGX.pn
g used on input line 96.
(pdftex.def)             Requested size: 128.0374pt x 128.03662pt.

<./../output/correlation/AMD/30ClockThrowOut/acfBATS.EDGX.png, id=40, 481.8pt x
 481.8pt>
File: ./../output/correlation/AMD/30ClockThrowOut/acfBATS.EDGX.png Graphic file
 (type png)
 <use ./../output/correlation/AMD/30ClockThrowOut/acfBATS.EDGX.png>
Package pdftex.def Info: ./../output/correlation/AMD/30ClockThrowOut/acfBATS.ED
GX.png used on input line 97.
(pdftex.def)             Requested size: 128.0374pt x 128.03662pt.

<./../output/correlation/AMD/5BusinessNaN/acfBATS.EDGX.png, id=41, 481.8pt x 48
1.8pt>
File: ./../output/correlation/AMD/5BusinessNaN/acfBATS.EDGX.png Graphic file (t
ype png)
 <use ./../output/correlation/AMD/5BusinessNaN/acfBATS.EDGX.png>
Package pdftex.def Info: ./../output/correlation/AMD/5BusinessNaN/acfBATS.EDGX.
png used on input line 98.
(pdftex.def)             Requested size: 128.0374pt x 128.03662pt.
 [6]
Underfull \hbox (badness 10000) in paragraph at lines 103--104

 []


Underfull \hbox (badness 10000) in paragraph at lines 106--107

 []


Underfull \hbox (badness 10000) in paragraph at lines 108--109

 []

[7 <C:/Users/tcho/Documents/GitHub/TAQ/output/correlation/AMD/30ClockNaN/acfBAT
S.EDGX.png> <C:/Users/tcho/Documents/GitHub/TAQ/output/correlation/AMD/30ClockT
hrowOut/acfBATS.EDGX.png> <C:/Users/tcho/Documents/GitHub/TAQ/output/correlatio
n/AMD/5BusinessNaN/acfBATS.EDGX.png>]
Underfull \hbox (badness 10000) in paragraph at lines 110--111

 []


<./../output/correlation/MSFT/20BusinessNaN/correlationMatrixUnLagged.png, id=5
2, 481.8pt x 481.8pt>
File: ./../output/correlation/MSFT/20BusinessNaN/correlationMatrixUnLagged.png 
Graphic file (type png)

<use ./../output/correlation/MSFT/20BusinessNaN/correlationMatrixUnLagged.png>
Package pdftex.def Info: ./../output/correlation/MSFT/20BusinessNaN/correlation
MatrixUnLagged.png used on input line 116.
(pdftex.def)             Requested size: 113.81102pt x 113.81114pt.

<./../output/correlation/GOOG/20BusinessNaN/correlationMatrixUnLagged.png, id=5
3, 481.8pt x 481.8pt>
File: ./../output/correlation/GOOG/20BusinessNaN/correlationMatrixUnLagged.png 
Graphic file (type png)

<use ./../output/correlation/GOOG/20BusinessNaN/correlationMatrixUnLagged.png>
Package pdftex.def Info: ./../output/correlation/GOOG/20BusinessNaN/correlation
MatrixUnLagged.png used on input line 117.
(pdftex.def)             Requested size: 113.81102pt x 113.81114pt.

<./../output/correlation/SPY/20BusinessNaN/correlationMatrixUnLagged.png, id=54
, 481.8pt x 481.8pt>
File: ./../output/correlation/SPY/20BusinessNaN/correlationMatrixUnLagged.png G
raphic file (type png)

<use ./../output/correlation/SPY/20BusinessNaN/correlationMatrixUnLagged.png>
Package pdftex.def Info: ./../output/correlation/SPY/20BusinessNaN/correlationM
atrixUnLagged.png used on input line 118.
(pdftex.def)             Requested size: 113.81102pt x 113.81114pt.

<./../output/correlation/GRPN/20BusinessNaN/correlationMatrixUnLagged.png, id=5
5, 481.8pt x 481.8pt>
File: ./../output/correlation/GRPN/20BusinessNaN/correlationMatrixUnLagged.png 
Graphic file (type png)

<use ./../output/correlation/GRPN/20BusinessNaN/correlationMatrixUnLagged.png>
Package pdftex.def Info: ./../output/correlation/GRPN/20BusinessNaN/correlation
MatrixUnLagged.png used on input line 119.
(pdftex.def)             Requested size: 113.81102pt x 113.81114pt.

<./../output/correlation/BAC/20BusinessNaN/correlationMatrixUnLagged.png, id=56
, 481.8pt x 481.8pt>
File: ./../output/correlation/BAC/20BusinessNaN/correlationMatrixUnLagged.png G
raphic file (type png)

<use ./../output/correlation/BAC/20BusinessNaN/correlationMatrixUnLagged.png>
Package pdftex.def Info: ./../output/correlation/BAC/20BusinessNaN/correlationM
atrixUnLagged.png used on input line 120.
(pdftex.def)             Requested size: 113.81102pt x 113.81114pt.

<./../output/correlation/C/20BusinessNaN/correlationMatrixUnLagged.png, id=57, 
481.8pt x 481.8pt>
File: ./../output/correlation/C/20BusinessNaN/correlationMatrixUnLagged.png Gra
phic file (type png)

<use ./../output/correlation/C/20BusinessNaN/correlationMatrixUnLagged.png>
Package pdftex.def Info: ./../output/correlation/C/20BusinessNaN/correlationMat
rixUnLagged.png used on input line 121.
(pdftex.def)             Requested size: 113.81102pt x 113.81114pt.

<./../output/correlation/MSFT/60ClockNaN/correlationMatrixUnLagged.png, id=58, 
481.8pt x 481.8pt>
File: ./../output/correlation/MSFT/60ClockNaN/correlationMatrixUnLagged.png Gra
phic file (type png)

<use ./../output/correlation/MSFT/60ClockNaN/correlationMatrixUnLagged.png>
Package pdftex.def Info: ./../output/correlation/MSFT/60ClockNaN/correlationMat
rixUnLagged.png used on input line 126.
(pdftex.def)             Requested size: 113.81102pt x 113.81114pt.

<./../output/correlation/GOOG/60ClockNaN/correlationMatrixUnLagged.png, id=59, 
481.8pt x 481.8pt>
File: ./../output/correlation/GOOG/60ClockNaN/correlationMatrixUnLagged.png Gra
phic file (type png)

<use ./../output/correlation/GOOG/60ClockNaN/correlationMatrixUnLagged.png>
Package pdftex.def Info: ./../output/correlation/GOOG/60ClockNaN/correlationMat
rixUnLagged.png used on input line 127.
(pdftex.def)             Requested size: 113.81102pt x 113.81114pt.

<./../output/correlation/SPY/60ClockNaN/correlationMatrixUnLagged.png, id=60, 4
81.8pt x 481.8pt>
File: ./../output/correlation/SPY/60ClockNaN/correlationMatrixUnLagged.png Grap
hic file (type png)

<use ./../output/correlation/SPY/60ClockNaN/correlationMatrixUnLagged.png>
Package pdftex.def Info: ./../output/correlation/SPY/60ClockNaN/correlationMatr
ixUnLagged.png used on input line 128.
(pdftex.def)             Requested size: 113.81102pt x 113.81114pt.

<./../output/correlation/GRPN/60ClockNaN/correlationMatrixUnLagged.png, id=61, 
481.8pt x 481.8pt>
File: ./../output/correlation/GRPN/60ClockNaN/correlationMatrixUnLagged.png Gra
phic file (type png)

<use ./../output/correlation/GRPN/60ClockNaN/correlationMatrixUnLagged.png>
Package pdftex.def Info: ./../output/correlation/GRPN/60ClockNaN/correlationMat
rixUnLagged.png used on input line 129.
(pdftex.def)             Requested size: 113.81102pt x 113.81114pt.

<./../output/correlation/BAC/60ClockNaN/correlationMatrixUnLagged.png, id=62, 4
81.8pt x 481.8pt>
File: ./../output/correlation/BAC/60ClockNaN/correlationMatrixUnLagged.png Grap
hic file (type png)

<use ./../output/correlation/BAC/60ClockNaN/correlationMatrixUnLagged.png>
Package pdftex.def Info: ./../output/correlation/BAC/60ClockNaN/correlationMatr
ixUnLagged.png used on input line 130.
(pdftex.def)             Requested size: 113.81102pt x 113.81114pt.

<./../output/correlation/C/60ClockNaN/correlationMatrixUnLagged.png, id=63, 481
.8pt x 481.8pt>
File: ./../output/correlation/C/60ClockNaN/correlationMatrixUnLagged.png Graphi
c file (type png)

<use ./../output/correlation/C/60ClockNaN/correlationMatrixUnLagged.png>
Package pdftex.def Info: ./../output/correlation/C/60ClockNaN/correlationMatrix
UnLagged.png used on input line 131.
(pdftex.def)             Requested size: 113.81102pt x 113.81114pt.

[8] [9 <C:/Users/tcho/Documents/GitHub/TAQ/output/correlation/MSFT/20BusinessNa
N/correlationMatrixUnLagged.png (PNG copy)> <C:/Users/tcho/Documents/GitHub/TAQ
/output/correlation/GOOG/20BusinessNaN/correlationMatrixUnLagged.png (PNG copy)
> <C:/Users/tcho/Documents/GitHub/TAQ/output/correlation/SPY/20BusinessNaN/corr
elationMatrixUnLagged.png (PNG copy)> <C:/Users/tcho/Documents/GitHub/TAQ/outpu
t/correlation/GRPN/20BusinessNaN/correlationMatrixUnLagged.png (PNG copy)> <C:/
Users/tcho/Documents/GitHub/TAQ/output/correlation/BAC/20BusinessNaN/correlatio
nMatrixUnLagged.png (PNG copy)> <C:/Users/tcho/Documents/GitHub/TAQ/output/corr
elation/C/20BusinessNaN/correlationMatrixUnLagged.png (PNG copy)>]
Underfull \hbox (badness 10000) in paragraph at lines 136--137

 []


Underfull \hbox (badness 10000) in paragraph at lines 138--139

 []

[10 <C:/Users/tcho/Documents/GitHub/TAQ/output/correlation/MSFT/60ClockNaN/corr
elationMatrixUnLagged.png (PNG copy)> <C:/Users/tcho/Documents/GitHub/TAQ/outpu
t/correlation/GOOG/60ClockNaN/correlationMatrixUnLagged.png (PNG copy)> <C:/Use
rs/tcho/Documents/GitHub/TAQ/output/correlation/SPY/60ClockNaN/correlationMatri
xUnLagged.png (PNG copy)> <C:/Users/tcho/Documents/GitHub/TAQ/output/correlatio
n/GRPN/60ClockNaN/correlationMatrixUnLagged.png (PNG copy)> <C:/Users/tcho/Docu
ments/GitHub/TAQ/output/correlation/BAC/60ClockNaN/correlationMatrixUnLagged.pn
g (PNG copy)> <C:/Users/tcho/Documents/GitHub/TAQ/output/correlation/C/60ClockN
aN/correlationMatrixUnLagged.png (PNG copy)>]
<./../output/correlation/MSFT/20BusinessNaN/correlationMatrixLagged.png, id=74,
 481.8pt x 481.8pt>
File: ./../output/correlation/MSFT/20BusinessNaN/correlationMatrixLagged.png Gr
aphic file (type png)

<use ./../output/correlation/MSFT/20BusinessNaN/correlationMatrixLagged.png>
Package pdftex.def Info: ./../output/correlation/MSFT/20BusinessNaN/correlation
MatrixLagged.png used on input line 144.
(pdftex.def)             Requested size: 113.81102pt x 113.81114pt.

<./../output/correlation/GOOG/20BusinessNaN/correlationMatrixLagged.png, id=75,
 481.8pt x 481.8pt>
File: ./../output/correlation/GOOG/20BusinessNaN/correlationMatrixLagged.png Gr
aphic file (type png)

<use ./../output/correlation/GOOG/20BusinessNaN/correlationMatrixLagged.png>
Package pdftex.def Info: ./../output/correlation/GOOG/20BusinessNaN/correlation
MatrixLagged.png used on input line 145.
(pdftex.def)             Requested size: 113.81102pt x 113.81114pt.

<./../output/correlation/SPY/20BusinessNaN/correlationMatrixLagged.png, id=76, 
481.8pt x 481.8pt>
File: ./../output/correlation/SPY/20BusinessNaN/correlationMatrixLagged.png Gra
phic file (type png)

<use ./../output/correlation/SPY/20BusinessNaN/correlationMatrixLagged.png>
Package pdftex.def Info: ./../output/correlation/SPY/20BusinessNaN/correlationM
atrixLagged.png used on input line 146.
(pdftex.def)             Requested size: 113.81102pt x 113.81114pt.

<./../output/correlation/GRPN/20BusinessNaN/correlationMatrixLagged.png, id=77,
 481.8pt x 481.8pt>
File: ./../output/correlation/GRPN/20BusinessNaN/correlationMatrixLagged.png Gr
aphic file (type png)

<use ./../output/correlation/GRPN/20BusinessNaN/correlationMatrixLagged.png>
Package pdftex.def Info: ./../output/correlation/GRPN/20BusinessNaN/correlation
MatrixLagged.png used on input line 147.
(pdftex.def)             Requested size: 113.81102pt x 113.81114pt.

<./../output/correlation/BAC/20BusinessNaN/correlationMatrixLagged.png, id=78, 
481.8pt x 481.8pt>
File: ./../output/correlation/BAC/20BusinessNaN/correlationMatrixLagged.png Gra
phic file (type png)

<use ./../output/correlation/BAC/20BusinessNaN/correlationMatrixLagged.png>
Package pdftex.def Info: ./../output/correlation/BAC/20BusinessNaN/correlationM
atrixLagged.png used on input line 148.
(pdftex.def)             Requested size: 113.81102pt x 113.81114pt.

<./../output/correlation/C/20BusinessNaN/correlationMatrixLagged.png, id=79, 48
1.8pt x 481.8pt>
File: ./../output/correlation/C/20BusinessNaN/correlationMatrixLagged.png Graph
ic file (type png)

<use ./../output/correlation/C/20BusinessNaN/correlationMatrixLagged.png>
Package pdftex.def Info: ./../output/correlation/C/20BusinessNaN/correlationMat
rixLagged.png used on input line 149.
(pdftex.def)             Requested size: 113.81102pt x 113.81114pt.

<./../output/correlation/MSFT/60ClockNaN/correlationMatrixLagged.png, id=80, 48
1.8pt x 481.8pt>
File: ./../output/correlation/MSFT/60ClockNaN/correlationMatrixLagged.png Graph
ic file (type png)

<use ./../output/correlation/MSFT/60ClockNaN/correlationMatrixLagged.png>
Package pdftex.def Info: ./../output/correlation/MSFT/60ClockNaN/correlationMat
rixLagged.png used on input line 154.
(pdftex.def)             Requested size: 113.81102pt x 113.81114pt.

<./../output/correlation/GOOG/60ClockNaN/correlationMatrixLagged.png, id=81, 48
1.8pt x 481.8pt>
File: ./../output/correlation/GOOG/60ClockNaN/correlationMatrixLagged.png Graph
ic file (type png)

<use ./../output/correlation/GOOG/60ClockNaN/correlationMatrixLagged.png>
Package pdftex.def Info: ./../output/correlation/GOOG/60ClockNaN/correlationMat
rixLagged.png used on input line 155.
(pdftex.def)             Requested size: 113.81102pt x 113.81114pt.

<./../output/correlation/SPY/60ClockNaN/correlationMatrixLagged.png, id=82, 481
.8pt x 481.8pt>
File: ./../output/correlation/SPY/60ClockNaN/correlationMatrixLagged.png Graphi
c file (type png)

<use ./../output/correlation/SPY/60ClockNaN/correlationMatrixLagged.png>
Package pdftex.def Info: ./../output/correlation/SPY/60ClockNaN/correlationMatr
ixLagged.png used on input line 156.
(pdftex.def)             Requested size: 113.81102pt x 113.81114pt.

<./../output/correlation/GRPN/60ClockNaN/correlationMatrixLagged.png, id=83, 48
1.8pt x 481.8pt>
File: ./../output/correlation/GRPN/60ClockNaN/correlationMatrixLagged.png Graph
ic file (type png)

<use ./../output/correlation/GRPN/60ClockNaN/correlationMatrixLagged.png>
Package pdftex.def Info: ./../output/correlation/GRPN/60ClockNaN/correlationMat
rixLagged.png used on input line 157.
(pdftex.def)             Requested size: 113.81102pt x 113.81114pt.

<./../output/correlation/BAC/60ClockNaN/correlationMatrixLagged.png, id=84, 481
.8pt x 481.8pt>
File: ./../output/correlation/BAC/60ClockNaN/correlationMatrixLagged.png Graphi
c file (type png)

<use ./../output/correlation/BAC/60ClockNaN/correlationMatrixLagged.png>
Package pdftex.def Info: ./../output/correlation/BAC/60ClockNaN/correlationMatr
ixLagged.png used on input line 158.
(pdftex.def)             Requested size: 113.81102pt x 113.81114pt.

<./../output/correlation/C/60ClockNaN/correlationMatrixLagged.png, id=85, 481.8
pt x 481.8pt>
File: ./../output/correlation/C/60ClockNaN/correlationMatrixLagged.png Graphic 
file (type png)

<use ./../output/correlation/C/60ClockNaN/correlationMatrixLagged.png>
Package pdftex.def Info: ./../output/correlation/C/60ClockNaN/correlationMatrix
Lagged.png used on input line 159.
(pdftex.def)             Requested size: 113.81102pt x 113.81114pt.
 [11 <C:/Users/tcho/Documents/GitHub/TAQ/output/correlation/MSFT/20BusinessNaN/
correlationMatrixLagged.png (PNG copy)> <C:/Users/tcho/Documents/GitHub/TAQ/out
put/correlation/GOOG/20BusinessNaN/correlationMatrixLagged.png (PNG copy)> <C:/
Users/tcho/Documents/GitHub/TAQ/output/correlation/SPY/20BusinessNaN/correlatio
nMatrixLagged.png (PNG copy)> <C:/Users/tcho/Documents/GitHub/TAQ/output/correl
ation/GRPN/20BusinessNaN/correlationMatrixLagged.png (PNG copy)> <C:/Users/tcho
/Documents/GitHub/TAQ/output/correlation/BAC/20BusinessNaN/correlationMatrixLag
ged.png (PNG copy)> <C:/Users/tcho/Documents/GitHub/TAQ/output/correlation/C/20
BusinessNaN/correlationMatrixLagged.png (PNG copy)>]
Underfull \hbox (badness 10000) in paragraph at lines 178--179

 []


Underfull \hbox (badness 10000) in paragraph at lines 179--180

 []


<./../output/regression/AMD/businessNaN/5coeffs.png, id=89, 481.8pt x 481.8pt>
File: ./../output/regression/AMD/businessNaN/5coeffs.png Graphic file (type png
)

<use ./../output/regression/AMD/businessNaN/5coeffs.png>
Package pdftex.def Info: ./../output/regression/AMD/businessNaN/5coeffs.png use
d on input line 185.
(pdftex.def)             Requested size: 142.26378pt x 142.26208pt.

<./../output/regression/BAC/businessNaN/20coeffs.png, id=90, 481.8pt x 481.8pt>
File: ./../output/regression/BAC/businessNaN/20coeffs.png Graphic file (type pn
g)
<use ./../output/regression/BAC/businessNaN/20coeffs.png>
Package pdftex.def Info: ./../output/regression/BAC/businessNaN/20coeffs.png us
ed on input line 186.
(pdftex.def)             Requested size: 142.26378pt x 142.26208pt.

<./../output/regression/GOOG/clockNaN/1coeffs.png, id=91, 481.8pt x 481.8pt>
File: ./../output/regression/GOOG/clockNaN/1coeffs.png Graphic file (type png)

<use ./../output/regression/GOOG/clockNaN/1coeffs.png>
Package pdftex.def Info: ./../output/regression/GOOG/clockNaN/1coeffs.png used 
on input line 187.
(pdftex.def)             Requested size: 142.26378pt x 142.26208pt.

<./../output/regression/MSFT/clockNaN/30coeffs.png, id=92, 481.8pt x 481.8pt>
File: ./../output/regression/MSFT/clockNaN/30coeffs.png Graphic file (type png)


<use ./../output/regression/MSFT/clockNaN/30coeffs.png>
Package pdftex.def Info: ./../output/regression/MSFT/clockNaN/30coeffs.png used
 on input line 188.
(pdftex.def)             Requested size: 142.26378pt x 142.26208pt.

<./../output/regression/RAD/clockNaN/60coeffs.png, id=93, 481.8pt x 481.8pt>
File: ./../output/regression/RAD/clockNaN/60coeffs.png Graphic file (type png)

<use ./../output/regression/RAD/clockNaN/60coeffs.png>
Package pdftex.def Info: ./../output/regression/RAD/clockNaN/60coeffs.png used 
on input line 189.
(pdftex.def)             Requested size: 142.26378pt x 142.26208pt.

<./../output/regression/BRKA/clockNaN/60coeffs.png, id=94, 481.8pt x 481.8pt>
File: ./../output/regression/BRKA/clockNaN/60coeffs.png Graphic file (type png)


<use ./../output/regression/BRKA/clockNaN/60coeffs.png>
Package pdftex.def Info: ./../output/regression/BRKA/clockNaN/60coeffs.png used
 on input line 190.
(pdftex.def)             Requested size: 142.26378pt x 142.26208pt.

Underfull \hbox (badness 10000) in paragraph at lines 181--192

 []

[12 <C:/Users/tcho/Documents/GitHub/TAQ/output/correlation/MSFT/60ClockNaN/corr
elationMatrixLagged.png (PNG copy)> <C:/Users/tcho/Documents/GitHub/TAQ/output/
correlation/GOOG/60ClockNaN/correlationMatrixLagged.png (PNG copy)> <C:/Users/t
cho/Documents/GitHub/TAQ/output/correlation/SPY/60ClockNaN/correlationMatrixLag
ged.png (PNG copy)> <C:/Users/tcho/Documents/GitHub/TAQ/output/correlation/GRPN
/60ClockNaN/correlationMatrixLagged.png (PNG copy)> <C:/Users/tcho/Documents/Gi
tHub/TAQ/output/correlation/BAC/60ClockNaN/correlationMatrixLagged.png (PNG cop
y)> <C:/Users/tcho/Documents/GitHub/TAQ/output/correlation/C/60ClockNaN/correla
tionMatrixLagged.png (PNG copy)>] [13 <C:/Users/tcho/Documents/GitHub/TAQ/outpu
t/regression/AMD/businessNaN/5coeffs.png> <C:/Users/tcho/Documents/GitHub/TAQ/o
utput/regression/BAC/businessNaN/20coeffs.png> <C:/Users/tcho/Documents/GitHub/
TAQ/output/regression/GOOG/clockNaN/1coeffs.png> <C:/Users/tcho/Documents/GitHu
b/TAQ/output/regression/MSFT/clockNaN/30coeffs.png> <C:/Users/tcho/Documents/Gi
tHub/TAQ/output/regression/RAD/clockNaN/60coeffs.png> <C:/Users/tcho/Documents/
GitHub/TAQ/output/regression/BRKA/clockNaN/60coeffs.png>] [14]
(C:\Users\tcho\Documents\GitHub\TAQ\tex\taq.aux) ) 
Here is how much of TeX's memory you used:
 1419 strings out of 493921
 27905 string characters out of 3147286
 68367 words of memory out of 3000000
 4708 multiletter control sequences out of 15000+200000
 7895 words of font info for 28 fonts, out of 3000000 for 9000
 841 hyphenation exceptions out of 8191
 27i,10n,22p,927b,232s stack positions out of 5000i,500n,10000p,200000b,50000s
<C:/Program Files/MiKTeX 2.9/
fonts/type1/public/amsfonts/cm/cmbx10.pfb><C:/Program Files/MiKTeX 2.9/fonts/ty
pe1/public/amsfonts/cm/cmbx12.pfb><C:/Program Files/MiKTeX 2.9/fonts/type1/publ
ic/amsfonts/cm/cmex10.pfb><C:/Program Files/MiKTeX 2.9/fonts/type1/public/amsfo
nts/cm/cmmi10.pfb><C:/Program Files/MiKTeX 2.9/fonts/type1/public/amsfonts/cm/c
mmi5.pfb><C:/Program Files/MiKTeX 2.9/fonts/type1/public/amsfonts/cm/cmmi7.pfb>
<C:/Program Files/MiKTeX 2.9/fonts/type1/public/amsfonts/cm/cmr10.pfb><C:/Progr
am Files/MiKTeX 2.9/fonts/type1/public/amsfonts/cm/cmr12.pfb><C:/Program Files/
MiKTeX 2.9/fonts/type1/public/amsfonts/cm/cmr17.pfb><C:/Program Files/MiKTeX 2.
9/fonts/type1/public/amsfonts/cm/cmr6.pfb><C:/Program Files/MiKTeX 2.9/fonts/ty
pe1/public/amsfonts/cm/cmr7.pfb><C:/Program Files/MiKTeX 2.9/fonts/type1/public
/amsfonts/cm/cmr8.pfb><C:/Program Files/MiKTeX 2.9/fonts/type1/public/amsfonts/
cm/cmsy10.pfb><C:/Program Files/MiKTeX 2.9/fonts/type1/public/amsfonts/cm/cmsy7
.pfb>
Output written on taq.pdf (14 pages, 2498158 bytes).
PDF statistics:
 155 PDF objects out of 1000 (max. 8388607)
 0 named destinations out of 1000 (max. 500000)
 211 words of extra memory for PDF output out of 10000 (max. 10000000)

